<?xml version="1.0" encoding="UTF-8"?>
<!-- Generated by org.testng.reporters.JUnitReportReporter -->
<testsuite hostname="DESKTOP-UBRI0MS" name="com.crm.qa.config.HomePageTest" tests="3" failures="0" timestamp="29 Oct 2019 14:31:38 GMT" time="53.499" errors="0">
  <testcase name="homePageUserNameTest" time="16.787" classname="com.crm.qa.config.HomePageTest"/>
  <testcase name="homePageTitleTest" time="16.514" classname="com.crm.qa.config.HomePageTest"/>
  <testcase name="verifyContactsLinkTest" time="20.198" classname="com.crm.qa.config.HomePageTest"/>
</testsuite> <!-- com.crm.qa.config.HomePageTest -->
