<?xml version="1.0" encoding="UTF-8"?>
<!-- Generated by org.testng.reporters.JUnitReportReporter -->
<testsuite hostname="DESKTOP-UBRI0MS" name="com.crm.qa.config.ContactsPageTest" tests="1" failures="0" timestamp="29 Oct 2019 15:10:36 GMT" time="22.011" errors="0">
  <testcase name="selectContactsTest" time="22.011" classname="com.crm.qa.config.ContactsPageTest"/>
</testsuite> <!-- com.crm.qa.config.ContactsPageTest -->
