<?xml version="1.0" encoding="UTF-8"?>
<!-- Generated by org.testng.reporters.JUnitReportReporter -->
<testsuite hostname="DESKTOP-UBRI0MS" name="com.crm.qa.testcases.HomePageTest" tests="5" failures="0" timestamp="30 Oct 2019 17:40:25 GMT" time="84.783" errors="0">
  <testcase name="verifyContactsLinkTest" time="17.880" classname="com.crm.qa.testcases.HomePageTest"/>
  <testcase name="homePageUserNameTest" time="16.792" classname="com.crm.qa.testcases.HomePageTest"/>
  <testcase name="verifyDealsLinkTest" time="17.279" classname="com.crm.qa.testcases.HomePageTest"/>
  <testcase name="verifyTaskssLinkTest" time="17.045" classname="com.crm.qa.testcases.HomePageTest"/>
  <testcase name="homePageTitleTest" time="15.787" classname="com.crm.qa.testcases.HomePageTest"/>
</testsuite> <!-- com.crm.qa.testcases.HomePageTest -->
