<?xml version="1.0" encoding="UTF-8"?>
<!-- Generated by org.testng.reporters.JUnitReportReporter -->
<testsuite hostname="DESKTOP-UBRI0MS" name="com.crm.qa.testcases.LoginpageTest" tests="3" failures="0" timestamp="30 Oct 2019 17:40:25 GMT" time="44.486" errors="0">
  <testcase name="loginPageTitleTest" time="13.208" classname="com.crm.qa.testcases.LoginpageTest"/>
  <testcase name="loginPageImageTest" time="13.424" classname="com.crm.qa.testcases.LoginpageTest"/>
  <testcase name="loginTest" time="17.854" classname="com.crm.qa.testcases.LoginpageTest"/>
</testsuite> <!-- com.crm.qa.testcases.LoginpageTest -->
