<?xml version="1.0" encoding="UTF-8"?>
<!-- Generated by org.testng.reporters.JUnitReportReporter -->
<testsuite hostname="DESKTOP-UBRI0MS" name="com.crm.qa.config.LoginpageTest" tests="3" failures="0" timestamp="29 Oct 2019 13:19:07 GMT" time="42.986" errors="0">
  <testcase name="loginPageTitleTest" time="12.980" classname="com.crm.qa.config.LoginpageTest"/>
  <testcase name="loginPageImageTest" time="13.011" classname="com.crm.qa.config.LoginpageTest"/>
  <testcase name="loginTest" time="16.995" classname="com.crm.qa.config.LoginpageTest"/>
</testsuite> <!-- com.crm.qa.config.LoginpageTest -->
